<?xml version="1.0" encoding="UTF-8"?>
<Site BuildName="Win32-mingw32-make"
	BuildStamp="20240520-0414-Experimental"
	Name="DESKTOP-LCM5QHN"
	Generator="ctest-3.26.3"
	CompilerName="C:/mingw64/bin/g++.exe"
	CompilerVersion="12.2.0"
	OSName="Windows"
	Hostname="DESKTOP-LCM5QHN"
	OSRelease=" Professional"
	OSVersion=" (Build 19045)"
	OSPlatform="AMD64"
	Is64Bits="1"
	VendorString="AuthenticAMD"
	VendorID="Advanced Micro Devices"
	FamilyID="15"
	ModelID="1"
	ProcessorCacheSize="96"
	NumberOfLogicalCPU="12"
	NumberOfPhysicalCPU="6"
	TotalVirtualMemory="25019"
	TotalPhysicalMemory="16315"
	LogicalProcessorsPerPhysical="2"
	ProcessorClockFrequency="3200"
	>
	<Testing>
		<StartDateTime>May 20 11:22 [NON-UTF-8-BYTE-0xC1][NON-UTF-8-BYTE-0xE0][NON-UTF-8-BYTE-0xED][NON-UTF-8-BYTE-0xE3][NON-UTF-8-BYTE-0xEB][NON-UTF-8-BYTE-0xE0][NON-UTF-8-BYTE-0xE4][NON-UTF-8-BYTE-0xE5][NON-UTF-8-BYTE-0xF8] ([NON-UTF-8-BYTE-0xE7][NON-UTF-8-BYTE-0xE8][NON-UTF-8-BYTE-0xEC][NON-UTF-8-BYTE-0xE0])</StartDateTime>
		<StartTestTime>1716182571</StartTestTime>
		<TestList/>
		<EndDateTime>May 20 11:22 [NON-UTF-8-BYTE-0xC1][NON-UTF-8-BYTE-0xE0][NON-UTF-8-BYTE-0xED][NON-UTF-8-BYTE-0xE3][NON-UTF-8-BYTE-0xEB][NON-UTF-8-BYTE-0xE0][NON-UTF-8-BYTE-0xE4][NON-UTF-8-BYTE-0xE5][NON-UTF-8-BYTE-0xF8] ([NON-UTF-8-BYTE-0xE7][NON-UTF-8-BYTE-0xE8][NON-UTF-8-BYTE-0xEC][NON-UTF-8-BYTE-0xE0])</EndDateTime>
		<EndTestTime>1716182571</EndTestTime>
		<ElapsedMinutes>0</ElapsedMinutes>
	</Testing>
</Site>
